::1 - - [28/Aug/2024:06:35:46 +0000] "GET /buddies HTTP/1.1" 500 1448 "-" "PostmanRuntime/7.41.1"
::1 - - [28/Aug/2024:06:37:35 +0000] "GET /buddies HTTP/1.1" 500 1448 "-" "PostmanRuntime/7.41.1"
::1 - - [28/Aug/2024:06:44:01 +0000] "GET /buddies HTTP/1.1" 500 1448 "-" "PostmanRuntime/7.41.1"
::1 - - [28/Aug/2024:06:45:20 +0000] "GET /buddies HTTP/1.1" 500 1451 "-" "PostmanRuntime/7.41.1"
::1 - - [28/Aug/2024:06:46:36 +0000] "GET /buddies HTTP/1.1" 500 1451 "-" "PostmanRuntime/7.41.1"
::1 - - [28/Aug/2024:06:47:22 +0000] "GET /buddies HTTP/1.1" 500 1451 "-" "PostmanRuntime/7.41.1"
::1 - - [28/Aug/2024:06:47:39 +0000] "GET /buddies HTTP/1.1" 500 1451 "-" "PostmanRuntime/7.41.1"
::1 - - [28/Aug/2024:06:48:16 +0000] "GET /buddies HTTP/1.1" 500 1451 "-" "PostmanRuntime/7.41.1"
::1 - - [28/Aug/2024:06:51:27 +0000] "GET /buddies HTTP/1.1" 500 1451 "-" "PostmanRuntime/7.41.1"
::1 - - [28/Aug/2024:06:52:05 +0000] "GET /buddies HTTP/1.1" 500 1451 "-" "PostmanRuntime/7.41.1"
::1 - - [28/Aug/2024:06:52:15 +0000] "GET /buddies HTTP/1.1" 200 111 "-" "PostmanRuntime/7.41.1"
::1 - - [28/Aug/2024:06:52:30 +0000] "GET /buddies HTTP/1.1" 200 111 "-" "PostmanRuntime/7.41.1"
::1 - - [28/Aug/2024:06:52:56 +0000] "GET /buddies HTTP/1.1" 200 111 "-" "PostmanRuntime/7.41.1"
::1 - - [28/Aug/2024:06:53:45 +0000] "POST /buddies/add HTTP/1.1" 200 38 "-" "PostmanRuntime/7.41.1"
::1 - - [28/Aug/2024:06:53:49 +0000] "GET /buddies HTTP/1.1" 200 221 "-" "PostmanRuntime/7.41.1"
::1 - - [28/Aug/2024:06:54:59 +0000] "GET /buddies HTTP/1.1" 200 221 "-" "PostmanRuntime/7.41.1"
::1 - - [28/Aug/2024:06:55:09 +0000] "GET /buddies HTTP/1.1" 200 221 "-" "PostmanRuntime/7.41.1"
::1 - - [28/Aug/2024:06:55:17 +0000] "GET /buddies/1002 HTTP/1.1" 200 109 "-" "PostmanRuntime/7.41.1"
::1 - - [28/Aug/2024:06:55:28 +0000] "POST /buddies/add HTTP/1.1" 200 38 "-" "PostmanRuntime/7.41.1"
::1 - - [28/Aug/2024:06:56:04 +0000] "PUT /buddies/1002/update HTTP/1.1" 200 40 "-" "PostmanRuntime/7.41.1"
::1 - - [28/Aug/2024:06:56:44 +0000] "DELETE /buddies/1002/remove HTTP/1.1" 200 40 "-" "PostmanRuntime/7.41.1"
::1 - - [28/Aug/2024:07:02:24 +0000] "DELETE /buddies/1002/remove HTTP/1.1" 200 27 "-" "PostmanRuntime/7.41.1"
::1 - - [28/Aug/2024:07:02:27 +0000] "GET /buddies HTTP/1.1" 200 221 "-" "PostmanRuntime/7.41.1"
::1 - - [28/Aug/2024:07:03:04 +0000] "GET /buddies HTTP/1.1" 200 221 "-" "PostmanRuntime/7.41.1"
